[2021-12-21 15:07:02,703] DEBUG preRegister called. Server=com.sun.jmx.mbeanserver.JmxMBeanServer@129a8472, name=log4j:logger=kafka.controller (kafka.controller)
[2021-12-21 15:07:37,602] INFO [ControllerEventThread controllerId=0] Starting (kafka.controller.ControllerEventManager$ControllerEventThread)
[2021-12-21 15:07:37,639] INFO [Controller id=0] 0 successfully elected as the controller. Epoch incremented to 1 and epoch zk version is now 1 (kafka.controller.KafkaController)
[2021-12-21 15:07:37,642] INFO [Controller id=0] Creating FeatureZNode at path: /feature with contents: FeatureZNode(Enabled,Features{}) (kafka.controller.KafkaController)
[2021-12-21 15:07:37,674] INFO [Controller id=0] Registering handlers (kafka.controller.KafkaController)
[2021-12-21 15:07:37,678] INFO [Controller id=0] Deleting log dir event notifications (kafka.controller.KafkaController)
[2021-12-21 15:07:37,681] INFO [Controller id=0] Deleting isr change notifications (kafka.controller.KafkaController)
[2021-12-21 15:07:37,683] INFO [Controller id=0] Initializing controller context (kafka.controller.KafkaController)
[2021-12-21 15:07:37,698] INFO [Controller id=0] Initialized broker epochs cache: HashMap(0 -> 25) (kafka.controller.KafkaController)
[2021-12-21 15:07:37,708] DEBUG [Controller id=0] Register BrokerModifications handler for Set(0) (kafka.controller.KafkaController)
[2021-12-21 15:07:37,713] DEBUG [Channel manager on controller 0]: Controller 0 trying to connect to broker 0 (kafka.controller.ControllerChannelManager)
[2021-12-21 15:07:37,723] INFO [RequestSendThread controllerId=0] Starting (kafka.controller.RequestSendThread)
[2021-12-21 15:07:37,725] INFO [Controller id=0] Currently active brokers in the cluster: Set(0) (kafka.controller.KafkaController)
[2021-12-21 15:07:37,725] INFO [Controller id=0] Currently shutting brokers in the cluster: HashSet() (kafka.controller.KafkaController)
[2021-12-21 15:07:37,725] INFO [Controller id=0] Current list of topics in the cluster: HashSet() (kafka.controller.KafkaController)
[2021-12-21 15:07:37,725] INFO [Controller id=0] Fetching topic deletions in progress (kafka.controller.KafkaController)
[2021-12-21 15:07:37,728] INFO [Controller id=0] List of topics to be deleted:  (kafka.controller.KafkaController)
[2021-12-21 15:07:37,728] INFO [Controller id=0] List of topics ineligible for deletion:  (kafka.controller.KafkaController)
[2021-12-21 15:07:37,728] INFO [Controller id=0] Initializing topic deletion manager (kafka.controller.KafkaController)
[2021-12-21 15:07:37,729] INFO [Topic Deletion Manager 0] Initializing manager with initial deletions: Set(), initial ineligible deletions: HashSet() (kafka.controller.TopicDeletionManager)
[2021-12-21 15:07:37,729] INFO [Controller id=0] Sending update metadata request (kafka.controller.KafkaController)
[2021-12-21 15:07:37,744] INFO [ReplicaStateMachine controllerId=0] Initializing replica state (kafka.controller.ZkReplicaStateMachine)
[2021-12-21 15:07:37,744] INFO [ReplicaStateMachine controllerId=0] Triggering online replica state changes (kafka.controller.ZkReplicaStateMachine)
[2021-12-21 15:07:37,748] INFO [ReplicaStateMachine controllerId=0] Triggering offline replica state changes (kafka.controller.ZkReplicaStateMachine)
[2021-12-21 15:07:37,748] DEBUG [ReplicaStateMachine controllerId=0] Started replica state machine with initial state -> HashMap() (kafka.controller.ZkReplicaStateMachine)
[2021-12-21 15:07:37,748] INFO [PartitionStateMachine controllerId=0] Initializing partition state (kafka.controller.ZkPartitionStateMachine)
[2021-12-21 15:07:37,749] INFO [PartitionStateMachine controllerId=0] Triggering online partition state changes (kafka.controller.ZkPartitionStateMachine)
[2021-12-21 15:07:37,751] DEBUG [PartitionStateMachine controllerId=0] Started partition state machine with initial state -> HashMap() (kafka.controller.ZkPartitionStateMachine)
[2021-12-21 15:07:37,752] INFO [Controller id=0] Ready to serve as the new controller with epoch 1 (kafka.controller.KafkaController)
[2021-12-21 15:07:37,756] INFO [RequestSendThread controllerId=0] Controller 0 connected to LAPTOP-M9MMPILM:9092 (id: 0 rack: null) for sending state change requests (kafka.controller.RequestSendThread)
[2021-12-21 15:07:37,760] INFO [Controller id=0] Partitions undergoing preferred replica election:  (kafka.controller.KafkaController)
[2021-12-21 15:07:37,760] INFO [Controller id=0] Partitions that completed preferred replica election:  (kafka.controller.KafkaController)
[2021-12-21 15:07:37,761] INFO [Controller id=0] Skipping preferred replica election for partitions due to topic deletion:  (kafka.controller.KafkaController)
[2021-12-21 15:07:37,761] INFO [Controller id=0] Resuming preferred replica election for partitions:  (kafka.controller.KafkaController)
[2021-12-21 15:07:37,763] INFO [Controller id=0] Starting replica leader election (PREFERRED) for partitions  triggered by ZkTriggered (kafka.controller.KafkaController)
[2021-12-21 15:07:37,780] INFO [Controller id=0] Starting the controller scheduler (kafka.controller.KafkaController)
[2021-12-21 15:07:42,785] INFO [Controller id=0] Processing automatic preferred replica leader election (kafka.controller.KafkaController)
[2021-12-21 15:07:42,785] TRACE [Controller id=0] Checking need to trigger auto leader balancing (kafka.controller.KafkaController)
[2021-12-21 15:12:42,798] INFO [Controller id=0] Processing automatic preferred replica leader election (kafka.controller.KafkaController)
[2021-12-21 15:12:42,798] TRACE [Controller id=0] Checking need to trigger auto leader balancing (kafka.controller.KafkaController)
[2021-12-21 15:17:42,803] INFO [Controller id=0] Processing automatic preferred replica leader election (kafka.controller.KafkaController)
[2021-12-21 15:17:42,803] TRACE [Controller id=0] Checking need to trigger auto leader balancing (kafka.controller.KafkaController)
[2021-12-21 15:22:42,804] INFO [Controller id=0] Processing automatic preferred replica leader election (kafka.controller.KafkaController)
[2021-12-21 15:22:42,804] TRACE [Controller id=0] Checking need to trigger auto leader balancing (kafka.controller.KafkaController)
[2021-12-21 15:27:42,806] INFO [Controller id=0] Processing automatic preferred replica leader election (kafka.controller.KafkaController)
[2021-12-21 15:27:42,806] TRACE [Controller id=0] Checking need to trigger auto leader balancing (kafka.controller.KafkaController)
[2021-12-21 15:32:42,821] INFO [Controller id=0] Processing automatic preferred replica leader election (kafka.controller.KafkaController)
[2021-12-21 15:32:42,821] TRACE [Controller id=0] Checking need to trigger auto leader balancing (kafka.controller.KafkaController)
[2021-12-21 15:37:42,835] INFO [Controller id=0] Processing automatic preferred replica leader election (kafka.controller.KafkaController)
[2021-12-21 15:37:42,835] TRACE [Controller id=0] Checking need to trigger auto leader balancing (kafka.controller.KafkaController)
[2021-12-21 15:42:42,857] INFO [Controller id=0] Processing automatic preferred replica leader election (kafka.controller.KafkaController)
[2021-12-21 15:42:42,857] TRACE [Controller id=0] Checking need to trigger auto leader balancing (kafka.controller.KafkaController)
[2021-12-21 15:47:42,869] INFO [Controller id=0] Processing automatic preferred replica leader election (kafka.controller.KafkaController)
[2021-12-21 15:47:42,870] TRACE [Controller id=0] Checking need to trigger auto leader balancing (kafka.controller.KafkaController)
[2021-12-21 15:52:42,880] INFO [Controller id=0] Processing automatic preferred replica leader election (kafka.controller.KafkaController)
[2021-12-21 15:52:42,880] TRACE [Controller id=0] Checking need to trigger auto leader balancing (kafka.controller.KafkaController)
[2021-12-21 15:54:27,301] INFO [Controller id=0] New topics: [Set(output)], deleted topics: [HashSet()], new partition replica assignment [Set(TopicIdReplicaAssignment(output,Some(GqbIqv2aQK-k0u4IxnbI8Q),Map(output-0 -> ReplicaAssignment(replicas=0, addingReplicas=, removingReplicas=))))] (kafka.controller.KafkaController)
[2021-12-21 15:54:27,302] INFO [Controller id=0] New partition creation callback for output-0 (kafka.controller.KafkaController)
[2021-12-21 15:54:27,357] INFO [RequestSendThread controllerId=0] Controller 0 connected to LAPTOP-M9MMPILM:9092 (id: 0 rack: null) for sending state change requests (kafka.controller.RequestSendThread)
[2021-12-21 15:57:42,885] INFO [Controller id=0] Processing automatic preferred replica leader election (kafka.controller.KafkaController)
[2021-12-21 15:57:42,893] TRACE [Controller id=0] Checking need to trigger auto leader balancing (kafka.controller.KafkaController)
[2021-12-21 15:57:42,902] DEBUG [Controller id=0] Topics not in preferred replica for broker 0 Map() (kafka.controller.KafkaController)
[2021-12-21 15:57:42,921] TRACE [Controller id=0] Leader imbalance ratio for broker 0 is 0.0 (kafka.controller.KafkaController)
